[debug] [2024-07-26T15:26:54.962Z] ----------------------------------------------------------------------
[debug] [2024-07-26T15:26:54.964Z] Command:       /Users/dariozavisic/.nvm/versions/node/v20.10.0/bin/node /Users/dariozavisic/.nvm/versions/node/v20.10.0/bin/firebase emulators:start --only functions
[debug] [2024-07-26T15:26:54.964Z] CLI Version:   13.11.2
[debug] [2024-07-26T15:26:54.964Z] Platform:      darwin
[debug] [2024-07-26T15:26:54.964Z] Node Version:  v20.10.0
[debug] [2024-07-26T15:26:54.964Z] Time:          Fri Jul 26 2024 17:26:54 GMT+0200 (Central European Summer Time)
[debug] [2024-07-26T15:26:54.964Z] ----------------------------------------------------------------------
[debug] 
[debug] [2024-07-26T15:26:55.025Z] > command requires scopes: ["email","openid","https://www.googleapis.com/auth/cloudplatformprojects.readonly","https://www.googleapis.com/auth/firebase","https://www.googleapis.com/auth/cloud-platform"]
[debug] [2024-07-26T15:26:55.025Z] > authorizing via signed-in user (dakizavo@gmail.com)
[info] i  emulators: Starting emulators: functions {"metadata":{"emulator":{"name":"hub"},"message":"Starting emulators: functions"}}
[debug] [2024-07-26T15:26:55.233Z] [logging] Logging Emulator only supports listening on one address (127.0.0.1). Not listening on ::1
[debug] [2024-07-26T15:26:55.233Z] assigned listening specs for emulators {"user":{"hub":[{"address":"127.0.0.1","family":"IPv4","port":4400},{"address":"::1","family":"IPv6","port":4400}],"ui":[{"address":"127.0.0.1","family":"IPv4","port":4000},{"address":"::1","family":"IPv6","port":4000}],"logging":[{"address":"127.0.0.1","family":"IPv4","port":4500}]},"metadata":{"message":"assigned listening specs for emulators"}}
[debug] [2024-07-26T15:26:55.235Z] [hub] writing locator at /var/folders/g5/48p743kd7k5_jmp06sfd41y00000gn/T/hub-bet-picker.json
[debug] [2024-07-26T15:26:55.375Z] [functions] Functions Emulator only supports listening on one address (127.0.0.1). Not listening on ::1
[debug] [2024-07-26T15:26:55.378Z] [eventarc] Eventarc Emulator only supports listening on one address (127.0.0.1). Not listening on ::1
[debug] [2024-07-26T15:26:55.378Z] late-assigned ports for functions and eventarc emulators {"user":{"hub":[{"address":"127.0.0.1","family":"IPv4","port":4400},{"address":"::1","family":"IPv6","port":4400}],"ui":[{"address":"127.0.0.1","family":"IPv4","port":4000},{"address":"::1","family":"IPv6","port":4000}],"logging":[{"address":"127.0.0.1","family":"IPv4","port":4500}],"functions":[{"address":"127.0.0.1","family":"IPv4","port":5001}],"eventarc":[{"address":"127.0.0.1","family":"IPv4","port":9299}]},"metadata":{"message":"late-assigned ports for functions and eventarc emulators"}}
[warn] ⚠  functions: The following emulators are not running, calls to these services from the Functions emulator will affect production: auth, firestore, database, hosting, pubsub, storage, dataconnect {"metadata":{"emulator":{"name":"functions"},"message":"The following emulators are not running, calls to these services from the Functions emulator will affect production: \u001b[1mauth, firestore, database, hosting, pubsub, storage, dataconnect\u001b[22m"}}
[debug] [2024-07-26T15:26:55.380Z] defaultcredentials: writing to file /Users/dariozavisic/.config/firebase/dakizavo_gmail_com_application_default_credentials.json
[debug] [2024-07-26T15:26:55.385Z] Setting GAC to /Users/dariozavisic/.config/firebase/dakizavo_gmail_com_application_default_credentials.json {"metadata":{"emulator":{"name":"functions"},"message":"Setting GAC to /Users/dariozavisic/.config/firebase/dakizavo_gmail_com_application_default_credentials.json"}}
[debug] [2024-07-26T15:26:55.385Z] >>> [apiv2][query] GET https://firebase.googleapis.com/v1beta1/projects/bet-picker/adminSdkConfig [none]
[debug] [2024-07-26T15:26:55.780Z] <<< [apiv2][status] GET https://firebase.googleapis.com/v1beta1/projects/bet-picker/adminSdkConfig 200
[debug] [2024-07-26T15:26:55.780Z] <<< [apiv2][body] GET https://firebase.googleapis.com/v1beta1/projects/bet-picker/adminSdkConfig {"projectId":"bet-picker","storageBucket":"bet-picker.appspot.com"}
[debug] [2024-07-26T15:26:55.800Z] Ignoring unsupported arg: auto_download {"metadata":{"emulator":{"name":"ui"},"message":"Ignoring unsupported arg: auto_download"}}
[debug] [2024-07-26T15:26:55.801Z] Ignoring unsupported arg: port {"metadata":{"emulator":{"name":"ui"},"message":"Ignoring unsupported arg: port"}}
[debug] [2024-07-26T15:26:55.801Z] Starting Emulator UI with command {"binary":"node","args":["/Users/dariozavisic/.cache/firebase/emulators/ui-v1.12.1/server/server.mjs"],"optionalArgs":[],"joinArgs":false,"shell":false} {"metadata":{"emulator":{"name":"ui"},"message":"Starting Emulator UI with command {\"binary\":\"node\",\"args\":[\"/Users/dariozavisic/.cache/firebase/emulators/ui-v1.12.1/server/server.mjs\"],\"optionalArgs\":[],\"joinArgs\":false,\"shell\":false}"}}
[info] i  ui: Emulator UI logging to ui-debug.log {"metadata":{"emulator":{"name":"ui"},"message":"Emulator UI logging to \u001b[1mui-debug.log\u001b[22m"}}
[debug] [2024-07-26T15:26:55.881Z] Web / API server started at 127.0.0.1:4000
 {"metadata":{"emulator":{"name":"ui"},"message":"Web / API server started at 127.0.0.1:4000\n"}}
[debug] [2024-07-26T15:26:55.882Z] Web / API server started at ::1:4000
 {"metadata":{"emulator":{"name":"ui"},"message":"Web / API server started at ::1:4000\n"}}
[info] i  functions: Watching "/Users/dariozavisic/Desktop/Projects/discord/functions" for Cloud Functions... {"metadata":{"emulator":{"name":"functions"},"message":"Watching \"/Users/dariozavisic/Desktop/Projects/discord/functions\" for Cloud Functions..."}}
[debug] [2024-07-26T15:26:56.015Z] Validating nodejs source
[debug] [2024-07-26T15:26:56.435Z] > [functions] package.json contents: {
  "name": "functions",
  "scripts": {
    "build": "tsc",
    "build:watch": "tsc --watch",
    "serve": "npm run build && firebase emulators:start --only functions",
    "shell": "npm run build && firebase functions:shell",
    "start": "npm run shell",
    "deploy": "firebase deploy --only functions",
    "logs": "firebase functions:log"
  },
  "engines": {
    "node": "20"
  },
  "main": "lib/index.js",
  "dependencies": {
    "firebase-admin": "^12.2.0",
    "firebase-functions": "^5.0.1"
  },
  "devDependencies": {
    "@typescript-eslint/eslint-plugin": "^5.12.0",
    "@typescript-eslint/parser": "^5.12.0",
    "eslint": "^8.9.0",
    "eslint-config-google": "^0.14.0",
    "eslint-plugin-import": "^2.25.4",
    "firebase-functions-test": "^3.1.0",
    "typescript": "^4.9.0"
  },
  "private": true
}
[debug] [2024-07-26T15:26:56.435Z] Building nodejs source
[debug] [2024-07-26T15:26:56.435Z] Failed to find version of module node: reached end of search path /Users/dariozavisic/Desktop/Projects/discord/functions/node_modules
[info] ✔  functions: Using node@20 from host. 
[debug] [2024-07-26T15:26:56.437Z] Could not find functions.yaml. Must use http discovery
[debug] [2024-07-26T15:26:56.439Z] Found firebase-functions binary at '/Users/dariozavisic/Desktop/Projects/discord/functions/node_modules/.bin/firebase-functions'
[info] Serving at port 8960

[debug] [2024-07-26T15:26:56.795Z] Got response from /__/functions.yaml {"endpoints":{"api-createUser":{"platform":"gcfv1","labels":{},"availableMemoryMb":null,"timeoutSeconds":null,"minInstances":null,"maxInstances":null,"ingressSettings":null,"serviceAccountEmail":null,"vpc":null,"region":["us-central1"],"callableTrigger":{},"entryPoint":"api.createUser"},"api-userDocumentDelete":{"platform":"gcfv1","availableMemoryMb":null,"timeoutSeconds":null,"minInstances":null,"maxInstances":null,"ingressSettings":null,"serviceAccountEmail":null,"vpc":null,"region":["us-central1"],"eventTrigger":{"eventType":"providers/cloud.firestore/eventTypes/document.delete","eventFilters":{"resource":"projects/bet-picker/databases/(default)/documents/users/{documentId}"},"retry":false},"labels":{},"entryPoint":"api.userDocumentDelete"}},"specVersion":"v1alpha1","requiredAPIs":[]}
[info] ✔  functions: Loaded functions definitions from source: api.createUser, api.userDocumentDelete. {"metadata":{"emulator":{"name":"functions"},"message":"Loaded functions definitions from source: api.createUser, api.userDocumentDelete."}}
[info] ✔  functions[us-central1-api-createUser]: http function initialized (http://127.0.0.1:5001/bet-picker/us-central1/api-createUser). {"metadata":{"emulator":{"name":"functions"},"message":"\u001b[1mhttp\u001b[22m function initialized (http://127.0.0.1:5001/bet-picker/us-central1/api-createUser)."}}
[info] i  functions[us-central1-api-userDocumentDelete]: function ignored because the firestore emulator does not exist or is not running. {"metadata":{"emulator":{"name":"functions"},"message":"function ignored because the firestore emulator does not exist or is not running."}}
[info] 
┌─────────────────────────────────────────────────────────────┐
│ ✔  All emulators ready! It is now safe to connect your app. │
│ i  View Emulator UI at http://127.0.0.1:4000/               │
└─────────────────────────────────────────────────────────────┘

┌───────────┬────────────────┬─────────────────────────────────┐
│ Emulator  │ Host:Port      │ View in Emulator UI             │
├───────────┼────────────────┼─────────────────────────────────┤
│ Functions │ 127.0.0.1:5001 │ http://127.0.0.1:4000/functions │
└───────────┴────────────────┴─────────────────────────────────┘
  Emulator Hub running at 127.0.0.1:4400
  Other reserved ports: 4500

Issues? Report them at https://github.com/firebase/firebase-tools/issues and attach the *-debug.log files.
 
[debug] [2024-07-26T15:27:20.031Z] [work-queue] {"queuedWork":["/bet-picker/us-central1/api-createUser-2024-07-26T15:27:20.031Z"],"queueLength":1,"runningWork":[],"workRunningCount":0}
[debug] [2024-07-26T15:27:20.032Z] [work-queue] {"queuedWork":[],"queueLength":0,"runningWork":["/bet-picker/us-central1/api-createUser-2024-07-26T15:27:20.031Z"],"workRunningCount":1}
[debug] [2024-07-26T15:27:20.033Z] Accepted request OPTIONS /bet-picker/us-central1/api-createUser --> us-central1-api-createUser
[debug] [2024-07-26T15:27:20.037Z] [functions] Runtime ready! Sending request! {"metadata":{"emulator":{"name":"functions"},"message":"[functions] Runtime ready! Sending request!"}}
[debug] [2024-07-26T15:27:20.039Z] [functions] Got req.url=/bet-picker/us-central1/api-createUser, mapping to path=/ {"metadata":{"emulator":{"name":"functions"},"message":"[functions] Got req.url=/bet-picker/us-central1/api-createUser, mapping to path=/"}}
[debug] [2024-07-26T15:27:20.044Z] [worker-pool] addWorker(us-central1-api-createUser) {"metadata":{"emulator":{"name":"functions"},"message":"[worker-pool] addWorker(us-central1-api-createUser)"}}
[debug] [2024-07-26T15:27:20.045Z] [worker-pool] Adding worker with key us-central1-api-createUser, total=1 {"metadata":{"emulator":{"name":"functions"},"message":"[worker-pool] Adding worker with key us-central1-api-createUser, total=1"}}
[debug] [2024-07-26T15:27:20.668Z] [runtime-status] [2624] Resolved module firebase-admin {"declared":true,"installed":true,"version":"12.2.0","resolution":"/Users/dariozavisic/Desktop/Projects/discord/functions/node_modules/firebase-admin/lib/index.js"} {"metadata":{"emulator":{"name":"functions"},"function":{"name":"us-central1-api-createUser"},"extension":{},"message":"[runtime-status] [2624] Resolved module firebase-admin {\"declared\":true,\"installed\":true,\"version\":\"12.2.0\",\"resolution\":\"/Users/dariozavisic/Desktop/Projects/discord/functions/node_modules/firebase-admin/lib/index.js\"}"}}
[debug] [2024-07-26T15:27:20.669Z] [runtime-status] [2624] Resolved module firebase-functions {"declared":true,"installed":true,"version":"5.0.1","resolution":"/Users/dariozavisic/Desktop/Projects/discord/functions/node_modules/firebase-functions/lib/v1/index.js"} {"metadata":{"emulator":{"name":"functions"},"function":{"name":"us-central1-api-createUser"},"extension":{},"message":"[runtime-status] [2624] Resolved module firebase-functions {\"declared\":true,\"installed\":true,\"version\":\"5.0.1\",\"resolution\":\"/Users/dariozavisic/Desktop/Projects/discord/functions/node_modules/firebase-functions/lib/v1/index.js\"}"}}
[debug] [2024-07-26T15:27:20.670Z] [runtime-status] [2624] Outgoing network have been stubbed. [{"name":"http","status":"mocked"},{"name":"http","status":"mocked"},{"name":"https","status":"mocked"},{"name":"https","status":"mocked"},{"name":"net","status":"mocked"}] {"metadata":{"emulator":{"name":"functions"},"function":{"name":"us-central1-api-createUser"},"extension":{},"message":"[runtime-status] [2624] Outgoing network have been stubbed. [{\"name\":\"http\",\"status\":\"mocked\"},{\"name\":\"http\",\"status\":\"mocked\"},{\"name\":\"https\",\"status\":\"mocked\"},{\"name\":\"https\",\"status\":\"mocked\"},{\"name\":\"net\",\"status\":\"mocked\"}]"}}
[debug] [2024-07-26T15:27:20.670Z] [runtime-status] [2624] Resolved module firebase-functions {"declared":true,"installed":true,"version":"5.0.1","resolution":"/Users/dariozavisic/Desktop/Projects/discord/functions/node_modules/firebase-functions/lib/v1/index.js"} {"metadata":{"emulator":{"name":"functions"},"function":{"name":"us-central1-api-createUser"},"extension":{},"message":"[runtime-status] [2624] Resolved module firebase-functions {\"declared\":true,\"installed\":true,\"version\":\"5.0.1\",\"resolution\":\"/Users/dariozavisic/Desktop/Projects/discord/functions/node_modules/firebase-functions/lib/v1/index.js\"}"}}
[debug] [2024-07-26T15:27:20.791Z] [runtime-status] [2624] Checked functions.config() {"config":{}} {"metadata":{"emulator":{"name":"functions"},"function":{"name":"us-central1-api-createUser"},"extension":{},"message":"[runtime-status] [2624] Checked functions.config() {\"config\":{}}"}}
[debug] [2024-07-26T15:27:20.791Z] [runtime-status] [2624] firebase-functions has been stubbed. {"functionsResolution":{"declared":true,"installed":true,"version":"5.0.1","resolution":"/Users/dariozavisic/Desktop/Projects/discord/functions/node_modules/firebase-functions/lib/v1/index.js"}} {"metadata":{"emulator":{"name":"functions"},"function":{"name":"us-central1-api-createUser"},"extension":{},"message":"[runtime-status] [2624] firebase-functions has been stubbed. {\"functionsResolution\":{\"declared\":true,\"installed\":true,\"version\":\"5.0.1\",\"resolution\":\"/Users/dariozavisic/Desktop/Projects/discord/functions/node_modules/firebase-functions/lib/v1/index.js\"}}"}}
[debug] [2024-07-26T15:27:20.791Z] [runtime-status] [2624] Resolved module firebase-functions {"declared":true,"installed":true,"version":"5.0.1","resolution":"/Users/dariozavisic/Desktop/Projects/discord/functions/node_modules/firebase-functions/lib/v1/index.js"} {"metadata":{"emulator":{"name":"functions"},"function":{"name":"us-central1-api-createUser"},"extension":{},"message":"[runtime-status] [2624] Resolved module firebase-functions {\"declared\":true,\"installed\":true,\"version\":\"5.0.1\",\"resolution\":\"/Users/dariozavisic/Desktop/Projects/discord/functions/node_modules/firebase-functions/lib/v1/index.js\"}"}}
[debug] [2024-07-26T15:27:20.791Z] [runtime-status] [2624] Resolved module firebase-admin {"declared":true,"installed":true,"version":"12.2.0","resolution":"/Users/dariozavisic/Desktop/Projects/discord/functions/node_modules/firebase-admin/lib/index.js"} {"metadata":{"emulator":{"name":"functions"},"function":{"name":"us-central1-api-createUser"},"extension":{},"message":"[runtime-status] [2624] Resolved module firebase-admin {\"declared\":true,\"installed\":true,\"version\":\"12.2.0\",\"resolution\":\"/Users/dariozavisic/Desktop/Projects/discord/functions/node_modules/firebase-admin/lib/index.js\"}"}}
[debug] [2024-07-26T15:27:20.792Z] [runtime-status] [2624] Resolved module firebase-functions {"declared":true,"installed":true,"version":"5.0.1","resolution":"/Users/dariozavisic/Desktop/Projects/discord/functions/node_modules/firebase-functions/lib/v1/index.js"} {"metadata":{"emulator":{"name":"functions"},"function":{"name":"us-central1-api-createUser"},"extension":{},"message":"[runtime-status] [2624] Resolved module firebase-functions {\"declared\":true,\"installed\":true,\"version\":\"5.0.1\",\"resolution\":\"/Users/dariozavisic/Desktop/Projects/discord/functions/node_modules/firebase-functions/lib/v1/index.js\"}"}}
[debug] [2024-07-26T15:27:20.792Z] [runtime-status] [2624] firebase-admin has been stubbed. {"adminResolution":{"declared":true,"installed":true,"version":"12.2.0","resolution":"/Users/dariozavisic/Desktop/Projects/discord/functions/node_modules/firebase-admin/lib/index.js"}} {"metadata":{"emulator":{"name":"functions"},"function":{"name":"us-central1-api-createUser"},"extension":{},"message":"[runtime-status] [2624] firebase-admin has been stubbed. {\"adminResolution\":{\"declared\":true,\"installed\":true,\"version\":\"12.2.0\",\"resolution\":\"/Users/dariozavisic/Desktop/Projects/discord/functions/node_modules/firebase-admin/lib/index.js\"}}"}}
[debug] [2024-07-26T15:27:20.795Z] [runtime-status] [2624] initializeApp(DEFAULT) {"storageBucket":"bet-picker.appspot.com","projectId":"bet-picker"} {"metadata":{"emulator":{"name":"functions"},"function":{"name":"us-central1-api-createUser"},"extension":{},"message":"[runtime-status] [2624] initializeApp(DEFAULT) {\"storageBucket\":\"bet-picker.appspot.com\",\"projectId\":\"bet-picker\"}"}}
[debug] [2024-07-26T15:27:20.797Z] [runtime-status] [2624] Functions runtime initialized. {"cwd":"/Users/dariozavisic/Desktop/Projects/discord/functions","node_version":"20.10.0"} {"metadata":{"emulator":{"name":"functions"},"function":{"name":"us-central1-api-createUser"},"extension":{},"message":"[runtime-status] [2624] Functions runtime initialized. {\"cwd\":\"/Users/dariozavisic/Desktop/Projects/discord/functions\",\"node_version\":\"20.10.0\"}"}}
[debug] [2024-07-26T15:27:20.798Z] [runtime-status] [2624] Listening to port: /var/folders/g5/48p743kd7k5_jmp06sfd41y00000gn/T/fire_emu_ddeba3f8836f9c9c.sock {"metadata":{"emulator":{"name":"functions"},"function":{"name":"us-central1-api-createUser"},"extension":{},"message":"[runtime-status] [2624] Listening to port: /var/folders/g5/48p743kd7k5_jmp06sfd41y00000gn/T/fire_emu_ddeba3f8836f9c9c.sock"}}
[debug] [2024-07-26T15:27:20.858Z] [worker-us-central1-api-createUser-65c67f26-b52d-4b75-b07f-248630dedd20]: IDLE {"metadata":{"emulator":{"name":"functions"},"function":{"name":"us-central1-api-createUser"},"extension":{},"message":"[worker-us-central1-api-createUser-65c67f26-b52d-4b75-b07f-248630dedd20]: IDLE"}}
[debug] [2024-07-26T15:27:20.858Z] [worker-pool] submitRequest(triggerId=us-central1-api-createUser) {"metadata":{"emulator":{"name":"functions"},"message":"[worker-pool] submitRequest(triggerId=us-central1-api-createUser)"}}
[info] i  functions: Beginning execution of "us-central1-api-createUser" {"metadata":{"emulator":{"name":"functions"},"function":{"name":"us-central1-api-createUser"},"extension":{},"message":"Beginning execution of \"us-central1-api-createUser\""}}
[debug] [2024-07-26T15:27:20.858Z] [worker-us-central1-api-createUser-65c67f26-b52d-4b75-b07f-248630dedd20]: BUSY {"metadata":{"emulator":{"name":"functions"},"function":{"name":"us-central1-api-createUser"},"extension":{},"message":"[worker-us-central1-api-createUser-65c67f26-b52d-4b75-b07f-248630dedd20]: BUSY"}}
[debug] [2024-07-26T15:27:20.860Z] Finishing up request with event=pause {"metadata":{"emulator":{"name":"functions"},"function":{"name":"us-central1-api-createUser"},"extension":{},"message":"Finishing up request with event=pause"}}
[info] i  functions: Finished "us-central1-api-createUser" in 2.181084ms {"metadata":{"emulator":{"name":"functions"},"function":{"name":"us-central1-api-createUser"},"extension":{},"message":"Finished \"us-central1-api-createUser\" in 2.181084ms"}}
[debug] [2024-07-26T15:27:20.861Z] [worker-us-central1-api-createUser-65c67f26-b52d-4b75-b07f-248630dedd20]: IDLE {"metadata":{"emulator":{"name":"functions"},"function":{"name":"us-central1-api-createUser"},"extension":{},"message":"[worker-us-central1-api-createUser-65c67f26-b52d-4b75-b07f-248630dedd20]: IDLE"}}
[debug] [2024-07-26T15:27:20.861Z] Finishing up request with event=finish {"metadata":{"emulator":{"name":"functions"},"function":{"name":"us-central1-api-createUser"},"extension":{},"message":"Finishing up request with event=finish"}}
[debug] [2024-07-26T15:27:20.861Z] Finishing up request with event=close {"metadata":{"emulator":{"name":"functions"},"function":{"name":"us-central1-api-createUser"},"extension":{},"message":"Finishing up request with event=close"}}
[debug] [2024-07-26T15:27:20.861Z] [work-queue] {"queuedWork":[],"queueLength":0,"runningWork":[],"workRunningCount":0}
[debug] [2024-07-26T15:27:20.869Z] [work-queue] {"queuedWork":["/bet-picker/us-central1/api-createUser-2024-07-26T15:27:20.868Z"],"queueLength":1,"runningWork":[],"workRunningCount":0}
[debug] [2024-07-26T15:27:20.872Z] [work-queue] {"queuedWork":[],"queueLength":0,"runningWork":["/bet-picker/us-central1/api-createUser-2024-07-26T15:27:20.868Z"],"workRunningCount":1}
[debug] [2024-07-26T15:27:20.872Z] Accepted request POST /bet-picker/us-central1/api-createUser --> us-central1-api-createUser
[debug] [2024-07-26T15:27:20.873Z] [functions] Runtime ready! Sending request! {"metadata":{"emulator":{"name":"functions"},"message":"[functions] Runtime ready! Sending request!"}}
[debug] [2024-07-26T15:27:20.873Z] [functions] Got req.url=/bet-picker/us-central1/api-createUser, mapping to path=/ {"metadata":{"emulator":{"name":"functions"},"message":"[functions] Got req.url=/bet-picker/us-central1/api-createUser, mapping to path=/"}}
[debug] [2024-07-26T15:27:20.873Z] [worker-pool] submitRequest(triggerId=us-central1-api-createUser) {"metadata":{"emulator":{"name":"functions"},"message":"[worker-pool] submitRequest(triggerId=us-central1-api-createUser)"}}
[info] i  functions: Beginning execution of "us-central1-api-createUser" {"metadata":{"emulator":{"name":"functions"},"function":{"name":"us-central1-api-createUser"},"extension":{},"message":"Beginning execution of \"us-central1-api-createUser\""}}
[debug] [2024-07-26T15:27:20.873Z] [worker-us-central1-api-createUser-65c67f26-b52d-4b75-b07f-248630dedd20]: BUSY {"metadata":{"emulator":{"name":"functions"},"function":{"name":"us-central1-api-createUser"},"extension":{},"message":"[worker-us-central1-api-createUser-65c67f26-b52d-4b75-b07f-248630dedd20]: BUSY"}}
[info] >  {"verifications":{"app":"MISSING","auth":"MISSING"},"logging.googleapis.com/labels":{"firebase-log-type":"callable-request-verification"},"severity":"DEBUG","message":"Callable request verification passed"} {"user":{"verifications":{"app":"MISSING","auth":"MISSING"},"logging.googleapis.com/labels":{"firebase-log-type":"callable-request-verification"},"severity":"DEBUG","message":"Callable request verification passed"},"metadata":{"emulator":{"name":"functions"},"function":{"name":"us-central1-api-createUser"},"extension":{},"message":"\u001b[90m> \u001b[39m {\"verifications\":{\"app\":\"MISSING\",\"auth\":\"MISSING\"},\"logging.googleapis.com/labels\":{\"firebase-log-type\":\"callable-request-verification\"},\"severity\":\"DEBUG\",\"message\":\"Callable request verification passed\"}"}}
[debug] [2024-07-26T15:27:20.882Z] [runtime-status] [2624] No callable functions auth found {"metadata":{"emulator":{"name":"functions"},"function":{"name":"us-central1-api-createUser"},"extension":{},"message":"[runtime-status] [2624] No callable functions auth found"}}
[warn] ⚠  functions: The Firebase Authentication emulator is not running, so calls to Firebase Authentication will affect production. {"metadata":{"emulator":{"name":"functions"},"function":{"name":"us-central1-api-createUser"},"extension":{},"message":"The Firebase Authentication emulator is not running, so calls to Firebase Authentication will affect production."}}
[warn] ⚠  functions: The Cloud Firestore emulator is not running, so calls to Firestore will affect production. {"metadata":{"emulator":{"name":"functions"},"function":{"name":"us-central1-api-createUser"},"extension":{},"message":"The Cloud Firestore emulator is not running, so calls to Firestore will affect production."}}
[warn] ⚠  Google API requested!
   - URL: "https://oauth2.googleapis.com/token"
   - Be careful, this may be a production service. {"metadata":{"emulator":{"name":"functions"},"function":{"name":"us-central1-api-createUser"},"extension":{},"message":"Google API requested!\n   - URL: \"https://oauth2.googleapis.com/token\"\n   - Be careful, this may be a production service."}}
[debug] [2024-07-26T15:27:24.060Z] Finishing up request with event=pause {"metadata":{"emulator":{"name":"functions"},"function":{"name":"us-central1-api-createUser"},"extension":{},"message":"Finishing up request with event=pause"}}
[info] i  functions: Finished "us-central1-api-createUser" in 3186.7889999999998ms {"metadata":{"emulator":{"name":"functions"},"function":{"name":"us-central1-api-createUser"},"extension":{},"message":"Finished \"us-central1-api-createUser\" in 3186.7889999999998ms"}}
[debug] [2024-07-26T15:27:24.061Z] [worker-us-central1-api-createUser-65c67f26-b52d-4b75-b07f-248630dedd20]: IDLE {"metadata":{"emulator":{"name":"functions"},"function":{"name":"us-central1-api-createUser"},"extension":{},"message":"[worker-us-central1-api-createUser-65c67f26-b52d-4b75-b07f-248630dedd20]: IDLE"}}
[debug] [2024-07-26T15:27:24.061Z] Finishing up request with event=finish {"metadata":{"emulator":{"name":"functions"},"function":{"name":"us-central1-api-createUser"},"extension":{},"message":"Finishing up request with event=finish"}}
[debug] [2024-07-26T15:27:24.061Z] Finishing up request with event=close {"metadata":{"emulator":{"name":"functions"},"function":{"name":"us-central1-api-createUser"},"extension":{},"message":"Finishing up request with event=close"}}
[debug] [2024-07-26T15:27:24.061Z] [work-queue] {"queuedWork":[],"queueLength":0,"runningWork":[],"workRunningCount":0}
[debug] [2024-07-26T15:28:57.128Z] [work-queue] {"queuedWork":["/bet-picker/us-central1/api-createUser-2024-07-26T15:28:57.128Z"],"queueLength":1,"runningWork":[],"workRunningCount":0}
[debug] [2024-07-26T15:28:57.131Z] [work-queue] {"queuedWork":[],"queueLength":0,"runningWork":["/bet-picker/us-central1/api-createUser-2024-07-26T15:28:57.128Z"],"workRunningCount":1}
[debug] [2024-07-26T15:28:57.131Z] Accepted request OPTIONS /bet-picker/us-central1/api-createUser --> us-central1-api-createUser
[debug] [2024-07-26T15:28:57.141Z] [functions] Runtime ready! Sending request! {"metadata":{"emulator":{"name":"functions"},"message":"[functions] Runtime ready! Sending request!"}}
[debug] [2024-07-26T15:28:57.141Z] [functions] Got req.url=/bet-picker/us-central1/api-createUser, mapping to path=/ {"metadata":{"emulator":{"name":"functions"},"message":"[functions] Got req.url=/bet-picker/us-central1/api-createUser, mapping to path=/"}}
[debug] [2024-07-26T15:28:57.142Z] [worker-pool] submitRequest(triggerId=us-central1-api-createUser) {"metadata":{"emulator":{"name":"functions"},"message":"[worker-pool] submitRequest(triggerId=us-central1-api-createUser)"}}
[info] i  functions: Beginning execution of "us-central1-api-createUser" {"metadata":{"emulator":{"name":"functions"},"function":{"name":"us-central1-api-createUser"},"extension":{},"message":"Beginning execution of \"us-central1-api-createUser\""}}
[debug] [2024-07-26T15:28:57.143Z] [worker-us-central1-api-createUser-65c67f26-b52d-4b75-b07f-248630dedd20]: BUSY {"metadata":{"emulator":{"name":"functions"},"function":{"name":"us-central1-api-createUser"},"extension":{},"message":"[worker-us-central1-api-createUser-65c67f26-b52d-4b75-b07f-248630dedd20]: BUSY"}}
[debug] [2024-07-26T15:28:57.147Z] Finishing up request with event=pause {"metadata":{"emulator":{"name":"functions"},"function":{"name":"us-central1-api-createUser"},"extension":{},"message":"Finishing up request with event=pause"}}
[info] i  functions: Finished "us-central1-api-createUser" in 4.198959ms {"metadata":{"emulator":{"name":"functions"},"function":{"name":"us-central1-api-createUser"},"extension":{},"message":"Finished \"us-central1-api-createUser\" in 4.198959ms"}}
[debug] [2024-07-26T15:28:57.147Z] [worker-us-central1-api-createUser-65c67f26-b52d-4b75-b07f-248630dedd20]: IDLE {"metadata":{"emulator":{"name":"functions"},"function":{"name":"us-central1-api-createUser"},"extension":{},"message":"[worker-us-central1-api-createUser-65c67f26-b52d-4b75-b07f-248630dedd20]: IDLE"}}
[debug] [2024-07-26T15:28:57.147Z] Finishing up request with event=finish {"metadata":{"emulator":{"name":"functions"},"function":{"name":"us-central1-api-createUser"},"extension":{},"message":"Finishing up request with event=finish"}}
[debug] [2024-07-26T15:28:57.148Z] Finishing up request with event=close {"metadata":{"emulator":{"name":"functions"},"function":{"name":"us-central1-api-createUser"},"extension":{},"message":"Finishing up request with event=close"}}
[debug] [2024-07-26T15:28:57.148Z] [work-queue] {"queuedWork":[],"queueLength":0,"runningWork":[],"workRunningCount":0}
[debug] [2024-07-26T15:28:57.153Z] [work-queue] {"queuedWork":["/bet-picker/us-central1/api-createUser-2024-07-26T15:28:57.153Z"],"queueLength":1,"runningWork":[],"workRunningCount":0}
[debug] [2024-07-26T15:28:57.153Z] [work-queue] {"queuedWork":[],"queueLength":0,"runningWork":["/bet-picker/us-central1/api-createUser-2024-07-26T15:28:57.153Z"],"workRunningCount":1}
[debug] [2024-07-26T15:28:57.153Z] Accepted request POST /bet-picker/us-central1/api-createUser --> us-central1-api-createUser
[debug] [2024-07-26T15:28:57.155Z] [functions] Runtime ready! Sending request! {"metadata":{"emulator":{"name":"functions"},"message":"[functions] Runtime ready! Sending request!"}}
[debug] [2024-07-26T15:28:57.155Z] [functions] Got req.url=/bet-picker/us-central1/api-createUser, mapping to path=/ {"metadata":{"emulator":{"name":"functions"},"message":"[functions] Got req.url=/bet-picker/us-central1/api-createUser, mapping to path=/"}}
[debug] [2024-07-26T15:28:57.156Z] [worker-pool] submitRequest(triggerId=us-central1-api-createUser) {"metadata":{"emulator":{"name":"functions"},"message":"[worker-pool] submitRequest(triggerId=us-central1-api-createUser)"}}
[info] i  functions: Beginning execution of "us-central1-api-createUser" {"metadata":{"emulator":{"name":"functions"},"function":{"name":"us-central1-api-createUser"},"extension":{},"message":"Beginning execution of \"us-central1-api-createUser\""}}
[debug] [2024-07-26T15:28:57.156Z] [worker-us-central1-api-createUser-65c67f26-b52d-4b75-b07f-248630dedd20]: BUSY {"metadata":{"emulator":{"name":"functions"},"function":{"name":"us-central1-api-createUser"},"extension":{},"message":"[worker-us-central1-api-createUser-65c67f26-b52d-4b75-b07f-248630dedd20]: BUSY"}}
[info] >  {"verifications":{"app":"MISSING","auth":"MISSING"},"logging.googleapis.com/labels":{"firebase-log-type":"callable-request-verification"},"severity":"DEBUG","message":"Callable request verification passed"} {"user":{"verifications":{"app":"MISSING","auth":"MISSING"},"logging.googleapis.com/labels":{"firebase-log-type":"callable-request-verification"},"severity":"DEBUG","message":"Callable request verification passed"},"metadata":{"emulator":{"name":"functions"},"function":{"name":"us-central1-api-createUser"},"extension":{},"message":"\u001b[90m> \u001b[39m {\"verifications\":{\"app\":\"MISSING\",\"auth\":\"MISSING\"},\"logging.googleapis.com/labels\":{\"firebase-log-type\":\"callable-request-verification\"},\"severity\":\"DEBUG\",\"message\":\"Callable request verification passed\"}"}}
[debug] [2024-07-26T15:28:57.159Z] [runtime-status] [2624] No callable functions auth found {"metadata":{"emulator":{"name":"functions"},"function":{"name":"us-central1-api-createUser"},"extension":{},"message":"[runtime-status] [2624] No callable functions auth found"}}
[debug] [2024-07-26T15:28:58.733Z] Finishing up request with event=pause {"metadata":{"emulator":{"name":"functions"},"function":{"name":"us-central1-api-createUser"},"extension":{},"message":"Finishing up request with event=pause"}}
[info] i  functions: Finished "us-central1-api-createUser" in 1577.63275ms {"metadata":{"emulator":{"name":"functions"},"function":{"name":"us-central1-api-createUser"},"extension":{},"message":"Finished \"us-central1-api-createUser\" in 1577.63275ms"}}
[debug] [2024-07-26T15:28:58.734Z] [worker-us-central1-api-createUser-65c67f26-b52d-4b75-b07f-248630dedd20]: IDLE {"metadata":{"emulator":{"name":"functions"},"function":{"name":"us-central1-api-createUser"},"extension":{},"message":"[worker-us-central1-api-createUser-65c67f26-b52d-4b75-b07f-248630dedd20]: IDLE"}}
[debug] [2024-07-26T15:28:58.734Z] Finishing up request with event=finish {"metadata":{"emulator":{"name":"functions"},"function":{"name":"us-central1-api-createUser"},"extension":{},"message":"Finishing up request with event=finish"}}
[debug] [2024-07-26T15:28:58.734Z] Finishing up request with event=close {"metadata":{"emulator":{"name":"functions"},"function":{"name":"us-central1-api-createUser"},"extension":{},"message":"Finishing up request with event=close"}}
[debug] [2024-07-26T15:28:58.734Z] [work-queue] {"queuedWork":[],"queueLength":0,"runningWork":[],"workRunningCount":0}
